{"/home/runner/work/synapseconnect-tao/synapseconnect-tao/src/index.js": {"path":"/home/runner/work/synapseconnect-tao/synapseconnect-tao/src/index.js","statementMap":{"0":{"start":{"line":9,"column":15},"end":{"line":9,"column":33}},"1":{"start":{"line":12,"column":2},"end":{"line":30,"column":3}},"2":{"start":{"line":13,"column":4},"end":{"line":13,"column":50}},"3":{"start":{"line":15,"column":20},"end":{"line":15,"column":37}},"4":{"start":{"line":16,"column":4},"end":{"line":16,"column":31}},"5":{"start":{"line":18,"column":4},"end":{"line":18,"column":63}},"6":{"start":{"line":21,"column":4},"end":{"line":25,"column":7}},"7":{"start":{"line":22,"column":6},"end":{"line":22,"column":57}},"8":{"start":{"line":23,"column":6},"end":{"line":23,"column":31}},"9":{"start":{"line":24,"column":6},"end":{"line":24,"column":22}},"10":{"start":{"line":28,"column":4},"end":{"line":28,"column":63}},"11":{"start":{"line":29,"column":4},"end":{"line":29,"column":20}},"12":{"start":{"line":33,"column":0},"end":{"line":35,"column":1}},"13":{"start":{"line":34,"column":2},"end":{"line":34,"column":9}}},"fnMap":{"0":{"name":"main","decl":{"start":{"line":11,"column":15},"end":{"line":11,"column":19}},"loc":{"start":{"line":11,"column":22},"end":{"line":31,"column":1}},"line":11},"1":{"name":"(anonymous_1)","decl":{"start":{"line":21,"column":25},"end":{"line":21,"column":26}},"loc":{"start":{"line":21,"column":37},"end":{"line":25,"column":5}},"line":21}},"branchMap":{"0":{"loc":{"start":{"line":33,"column":0},"end":{"line":35,"column":1}},"type":"if","locations":[{"start":{"line":33,"column":0},"end":{"line":35,"column":1}},{"start":{},"end":{}}],"line":33}},"s":{"0":0,"1":0,"2":0,"3":0,"4":0,"5":0,"6":0,"7":0,"8":0,"9":0,"10":0,"11":0,"12":0,"13":0},"f":{"0":0,"1":0},"b":{"0":[0,0]},"inputSourceMap":null}
,"/home/runner/work/synapseconnect-tao/synapseconnect-tao/src/config/config-manager.js": {"path":"/home/runner/work/synapseconnect-tao/synapseconnect-tao/src/config/config-manager.js","statementMap":{"0":{"start":{"line":9,"column":4},"end":{"line":9,"column":46}},"1":{"start":{"line":10,"column":4},"end":{"line":19,"column":6}},"2":{"start":{"line":23,"column":4},"end":{"line":23,"column":49}},"3":{"start":{"line":26,"column":4},"end":{"line":26,"column":39}},"4":{"start":{"line":28,"column":4},"end":{"line":28,"column":59}},"5":{"start":{"line":33,"column":4},"end":{"line":43,"column":5}},"6":{"start":{"line":35,"column":6},"end":{"line":35,"column":36}},"7":{"start":{"line":36,"column":6},"end":{"line":36,"column":12}},"8":{"start":{"line":38,"column":6},"end":{"line":38,"column":37}},"9":{"start":{"line":39,"column":6},"end":{"line":39,"column":12}},"10":{"start":{"line":41,"column":6},"end":{"line":41,"column":37}},"11":{"start":{"line":42,"column":6},"end":{"line":42,"column":12}},"12":{"start":{"line":47,"column":17},"end":{"line":47,"column":31}},"13":{"start":{"line":48,"column":16},"end":{"line":48,"column":27}},"14":{"start":{"line":50,"column":4},"end":{"line":56,"column":5}},"15":{"start":{"line":51,"column":6},"end":{"line":55,"column":7}},"16":{"start":{"line":52,"column":8},"end":{"line":52,"column":25}},"17":{"start":{"line":54,"column":8},"end":{"line":54,"column":28}},"18":{"start":{"line":58,"column":4},"end":{"line":58,"column":17}},"19":{"start":{"line":62,"column":17},"end":{"line":62,"column":31}},"20":{"start":{"line":63,"column":20},"end":{"line":63,"column":30}},"21":{"start":{"line":64,"column":17},"end":{"line":64,"column":28}},"22":{"start":{"line":66,"column":4},"end":{"line":71,"column":5}},"23":{"start":{"line":67,"column":6},"end":{"line":69,"column":7}},"24":{"start":{"line":68,"column":8},"end":{"line":68,"column":23}},"25":{"start":{"line":70,"column":6},"end":{"line":70,"column":25}},"26":{"start":{"line":73,"column":4},"end":{"line":73,"column":28}}},"fnMap":{"0":{"name":"(anonymous_0)","decl":{"start":{"line":8,"column":2},"end":{"line":8,"column":3}},"loc":{"start":{"line":8,"column":16},"end":{"line":20,"column":3}},"line":8},"1":{"name":"(anonymous_1)","decl":{"start":{"line":22,"column":2},"end":{"line":22,"column":3}},"loc":{"start":{"line":22,"column":15},"end":{"line":29,"column":3}},"line":22},"2":{"name":"(anonymous_2)","decl":{"start":{"line":31,"column":2},"end":{"line":31,"column":3}},"loc":{"start":{"line":31,"column":32},"end":{"line":44,"column":3}},"line":31},"3":{"name":"(anonymous_3)","decl":{"start":{"line":46,"column":2},"end":{"line":46,"column":3}},"loc":{"start":{"line":46,"column":32},"end":{"line":59,"column":3}},"line":46},"4":{"name":"(anonymous_4)","decl":{"start":{"line":61,"column":2},"end":{"line":61,"column":3}},"loc":{"start":{"line":61,"column":18},"end":{"line":74,"column":3}},"line":61}},"branchMap":{"0":{"loc":{"start":{"line":11,"column":19},"end":{"line":11,"column":56}},"type":"binary-expr","locations":[{"start":{"line":11,"column":19},"end":{"line":11,"column":39}},{"start":{"line":11,"column":43},"end":{"line":11,"column":56}}],"line":11},"1":{"loc":{"start":{"line":12,"column":12},"end":{"line":12,"column":46}},"type":"binary-expr","locations":[{"start":{"line":12,"column":12},"end":{"line":12,"column":38}},{"start":{"line":12,"column":42},"end":{"line":12,"column":46}}],"line":12},"2":{"loc":{"start":{"line":13,"column":16},"end":{"line":13,"column":47}},"type":"binary-expr","locations":[{"start":{"line":13,"column":16},"end":{"line":13,"column":37}},{"start":{"line":13,"column":41},"end":{"line":13,"column":47}}],"line":13},"3":{"loc":{"start":{"line":33,"column":4},"end":{"line":43,"column":5}},"type":"switch","locations":[{"start":{"line":34,"column":4},"end":{"line":36,"column":12}},{"start":{"line":37,"column":4},"end":{"line":39,"column":12}},{"start":{"line":40,"column":4},"end":{"line":42,"column":12}}],"line":33},"4":{"loc":{"start":{"line":46,"column":11},"end":{"line":46,"column":30}},"type":"default-arg","locations":[{"start":{"line":46,"column":26},"end":{"line":46,"column":30}}],"line":46},"5":{"loc":{"start":{"line":51,"column":6},"end":{"line":55,"column":7}},"type":"if","locations":[{"start":{"line":51,"column":6},"end":{"line":55,"column":7}},{"start":{"line":53,"column":13},"end":{"line":55,"column":7}}],"line":51},"6":{"loc":{"start":{"line":51,"column":10},"end":{"line":51,"column":58}},"type":"binary-expr","locations":[{"start":{"line":51,"column":10},"end":{"line":51,"column":15}},{"start":{"line":51,"column":19},"end":{"line":51,"column":44}},{"start":{"line":51,"column":48},"end":{"line":51,"column":58}}],"line":51},"7":{"loc":{"start":{"line":67,"column":6},"end":{"line":69,"column":7}},"type":"if","locations":[{"start":{"line":67,"column":6},"end":{"line":69,"column":7}},{"start":{},"end":{}}],"line":67}},"s":{"0":12,"1":12,"2":4,"3":4,"4":4,"5":4,"6":0,"7":0,"8":0,"9":0,"10":4,"11":4,"12":10,"13":10,"14":10,"15":15,"16":13,"17":2,"18":8,"19":2,"20":2,"21":2,"22":2,"23":3,"24":3,"25":3,"26":2},"f":{"0":12,"1":4,"2":4,"3":10,"4":2},"b":{"0":[12,0],"1":[12,12],"2":[12,12],"3":[0,0,4],"4":[9],"5":[13,2],"6":[15,15,15],"7":[3,0]},"inputSourceMap":null,"_coverageSchema":"1a1c01bbd47fc00a2c39e90264f33305004495a9","hash":"81b985fe1baaaad28eb2e23d14b8266d3afc17f3"}
,"/home/runner/work/synapseconnect-tao/synapseconnect-tao/src/core/synapse-core.js": {"path":"/home/runner/work/synapseconnect-tao/synapseconnect-tao/src/core/synapse-core.js","statementMap":{"0":{"start":{"line":10,"column":4},"end":{"line":10,"column":44}},"1":{"start":{"line":11,"column":4},"end":{"line":11,"column":38}},"2":{"start":{"line":12,"column":4},"end":{"line":12,"column":29}},"3":{"start":{"line":13,"column":4},"end":{"line":13,"column":29}},"4":{"start":{"line":17,"column":4},"end":{"line":20,"column":5}},"5":{"start":{"line":18,"column":6},"end":{"line":18,"column":58}},"6":{"start":{"line":19,"column":6},"end":{"line":19,"column":13}},"7":{"start":{"line":22,"column":4},"end":{"line":22,"column":52}},"8":{"start":{"line":25,"column":4},"end":{"line":25,"column":29}},"9":{"start":{"line":28,"column":4},"end":{"line":28,"column":35}},"10":{"start":{"line":30,"column":4},"end":{"line":30,"column":28}},"11":{"start":{"line":31,"column":4},"end":{"line":31,"column":60}},"12":{"start":{"line":36,"column":4},"end":{"line":36,"column":53}},"13":{"start":{"line":43,"column":4},"end":{"line":43,"column":53}},"14":{"start":{"line":46,"column":4},"end":{"line":55,"column":5}},"15":{"start":{"line":47,"column":6},"end":{"line":54,"column":7}},"16":{"start":{"line":48,"column":8},"end":{"line":50,"column":9}},"17":{"start":{"line":49,"column":10},"end":{"line":49,"column":34}},"18":{"start":{"line":51,"column":8},"end":{"line":51,"column":66}},"19":{"start":{"line":53,"column":8},"end":{"line":53,"column":72}},"20":{"start":{"line":57,"column":4},"end":{"line":57,"column":29}},"21":{"start":{"line":58,"column":4},"end":{"line":58,"column":54}},"22":{"start":{"line":62,"column":4},"end":{"line":67,"column":6}}},"fnMap":{"0":{"name":"(anonymous_0)","decl":{"start":{"line":9,"column":2},"end":{"line":9,"column":3}},"loc":{"start":{"line":9,"column":16},"end":{"line":14,"column":3}},"line":9},"1":{"name":"(anonymous_1)","decl":{"start":{"line":16,"column":2},"end":{"line":16,"column":3}},"loc":{"start":{"line":16,"column":21},"end":{"line":32,"column":3}},"line":16},"2":{"name":"(anonymous_2)","decl":{"start":{"line":34,"column":2},"end":{"line":34,"column":3}},"loc":{"start":{"line":34,"column":28},"end":{"line":40,"column":3}},"line":34},"3":{"name":"(anonymous_3)","decl":{"start":{"line":42,"column":2},"end":{"line":42,"column":3}},"loc":{"start":{"line":42,"column":19},"end":{"line":59,"column":3}},"line":42},"4":{"name":"(anonymous_4)","decl":{"start":{"line":61,"column":2},"end":{"line":61,"column":3}},"loc":{"start":{"line":61,"column":14},"end":{"line":68,"column":3}},"line":61}},"branchMap":{"0":{"loc":{"start":{"line":17,"column":4},"end":{"line":20,"column":5}},"type":"if","locations":[{"start":{"line":17,"column":4},"end":{"line":20,"column":5}},{"start":{},"end":{}}],"line":17},"1":{"loc":{"start":{"line":48,"column":8},"end":{"line":50,"column":9}},"type":"if","locations":[{"start":{"line":48,"column":8},"end":{"line":50,"column":9}},{"start":{},"end":{}}],"line":48}},"s":{"0":5,"1":5,"2":5,"3":5,"4":4,"5":1,"6":1,"7":3,"8":3,"9":3,"10":3,"11":3,"12":3,"13":1,"14":1,"15":0,"16":0,"17":0,"18":0,"19":0,"20":1,"21":1,"22":1},"f":{"0":5,"1":4,"2":3,"3":1,"4":1},"b":{"0":[1,3],"1":[0,0]},"inputSourceMap":null,"_coverageSchema":"1a1c01bbd47fc00a2c39e90264f33305004495a9","hash":"d02df591f1a15350e34cab071e193bce5a56b450"}
,"/home/runner/work/synapseconnect-tao/synapseconnect-tao/src/utils/logger.js": {"path":"/home/runner/work/synapseconnect-tao/synapseconnect-tao/src/utils/logger.js","statementMap":{"0":{"start":{"line":7,"column":4},"end":{"line":7,"column":27}},"1":{"start":{"line":8,"column":4},"end":{"line":13,"column":6}},"2":{"start":{"line":14,"column":4},"end":{"line":14,"column":41}},"3":{"start":{"line":18,"column":4},"end":{"line":18,"column":87}},"4":{"start":{"line":22,"column":4},"end":{"line":24,"column":5}},"5":{"start":{"line":23,"column":6},"end":{"line":23,"column":99}},"6":{"start":{"line":28,"column":4},"end":{"line":30,"column":5}},"7":{"start":{"line":29,"column":6},"end":{"line":29,"column":97}},"8":{"start":{"line":34,"column":4},"end":{"line":36,"column":5}},"9":{"start":{"line":35,"column":6},"end":{"line":35,"column":96}},"10":{"start":{"line":40,"column":4},"end":{"line":42,"column":5}},"11":{"start":{"line":41,"column":6},"end":{"line":41,"column":97}}},"fnMap":{"0":{"name":"(anonymous_0)","decl":{"start":{"line":6,"column":2},"end":{"line":6,"column":3}},"loc":{"start":{"line":6,"column":31},"end":{"line":15,"column":3}},"line":6},"1":{"name":"(anonymous_1)","decl":{"start":{"line":17,"column":2},"end":{"line":17,"column":3}},"loc":{"start":{"line":17,"column":18},"end":{"line":19,"column":3}},"line":17},"2":{"name":"(anonymous_2)","decl":{"start":{"line":21,"column":2},"end":{"line":21,"column":3}},"loc":{"start":{"line":21,"column":26},"end":{"line":25,"column":3}},"line":21},"3":{"name":"(anonymous_3)","decl":{"start":{"line":27,"column":2},"end":{"line":27,"column":3}},"loc":{"start":{"line":27,"column":25},"end":{"line":31,"column":3}},"line":27},"4":{"name":"(anonymous_4)","decl":{"start":{"line":33,"column":2},"end":{"line":33,"column":3}},"loc":{"start":{"line":33,"column":25},"end":{"line":37,"column":3}},"line":33},"5":{"name":"(anonymous_5)","decl":{"start":{"line":39,"column":2},"end":{"line":39,"column":3}},"loc":{"start":{"line":39,"column":26},"end":{"line":43,"column":3}},"line":39}},"branchMap":{"0":{"loc":{"start":{"line":6,"column":14},"end":{"line":6,"column":29}},"type":"default-arg","locations":[{"start":{"line":6,"column":24},"end":{"line":6,"column":29}}],"line":6},"1":{"loc":{"start":{"line":18,"column":24},"end":{"line":18,"column":86}},"type":"cond-expr","locations":[{"start":{"line":18,"column":49},"end":{"line":18,"column":67}},{"start":{"line":18,"column":70},"end":{"line":18,"column":86}}],"line":18},"2":{"loc":{"start":{"line":22,"column":4},"end":{"line":24,"column":5}},"type":"if","locations":[{"start":{"line":22,"column":4},"end":{"line":24,"column":5}},{"start":{},"end":{}}],"line":22},"3":{"loc":{"start":{"line":28,"column":4},"end":{"line":30,"column":5}},"type":"if","locations":[{"start":{"line":28,"column":4},"end":{"line":30,"column":5}},{"start":{},"end":{}}],"line":28},"4":{"loc":{"start":{"line":34,"column":4},"end":{"line":36,"column":5}},"type":"if","locations":[{"start":{"line":34,"column":4},"end":{"line":36,"column":5}},{"start":{},"end":{}}],"line":34},"5":{"loc":{"start":{"line":40,"column":4},"end":{"line":42,"column":5}},"type":"if","locations":[{"start":{"line":40,"column":4},"end":{"line":42,"column":5}},{"start":{},"end":{}}],"line":40}},"s":{"0":23,"1":23,"2":23,"3":1,"4":2,"5":2,"6":1,"7":1,"8":21,"9":20,"10":0,"11":0},"f":{"0":23,"1":1,"2":2,"3":1,"4":21,"5":0},"b":{"0":[0],"1":[1,0],"2":[2,0],"3":[1,0],"4":[20,1],"5":[0,0]},"inputSourceMap":null,"_coverageSchema":"1a1c01bbd47fc00a2c39e90264f33305004495a9","hash":"25883c26b6eae04116c16190d53961233c127101"}
}
