TN:
SF:src/index.js
FN:11,main
FN:21,(anonymous_1)
FNF:2
FNH:0
FNDA:0,main
FNDA:0,(anonymous_1)
DA:9,0
DA:12,0
DA:13,0
DA:15,0
DA:16,0
DA:18,0
DA:21,0
DA:22,0
DA:23,0
DA:24,0
DA:28,0
DA:29,0
DA:33,0
DA:34,0
LF:14
LH:0
BRDA:33,0,0,0
BRDA:33,0,1,0
BRF:2
BRH:0
end_of_record
TN:
SF:src/config/config-manager.js
FN:8,(anonymous_0)
FN:22,(anonymous_1)
FN:31,(anonymous_2)
FN:46,(anonymous_3)
FN:61,(anonymous_4)
FNF:5
FNH:5
FNDA:12,(anonymous_0)
FNDA:4,(anonymous_1)
FNDA:4,(anonymous_2)
FNDA:10,(anonymous_3)
FNDA:2,(anonymous_4)
DA:9,12
DA:10,12
DA:23,4
DA:26,4
DA:28,4
DA:33,4
DA:35,0
DA:36,0
DA:38,0
DA:39,0
DA:41,4
DA:42,4
DA:47,10
DA:48,10
DA:50,10
DA:51,15
DA:52,13
DA:54,2
DA:58,8
DA:62,2
DA:63,2
DA:64,2
DA:66,2
DA:67,3
DA:68,3
DA:70,3
DA:73,2
LF:27
LH:23
BRDA:11,0,0,12
BRDA:11,0,1,0
BRDA:12,1,0,12
BRDA:12,1,1,12
BRDA:13,2,0,12
BRDA:13,2,1,12
BRDA:33,3,0,0
BRDA:33,3,1,0
BRDA:33,3,2,4
BRDA:46,4,0,9
BRDA:51,5,0,13
BRDA:51,5,1,2
BRDA:51,6,0,15
BRDA:51,6,1,15
BRDA:51,6,2,15
BRDA:67,7,0,3
BRDA:67,7,1,0
BRF:17
BRH:13
end_of_record
TN:
SF:src/core/synapse-core.js
FN:9,(anonymous_0)
FN:16,(anonymous_1)
FN:34,(anonymous_2)
FN:42,(anonymous_3)
FN:61,(anonymous_4)
FNF:5
FNH:5
FNDA:5,(anonymous_0)
FNDA:4,(anonymous_1)
FNDA:3,(anonymous_2)
FNDA:1,(anonymous_3)
FNDA:1,(anonymous_4)
DA:10,5
DA:11,5
DA:12,5
DA:13,5
DA:17,4
DA:18,1
DA:19,1
DA:22,3
DA:25,3
DA:28,3
DA:30,3
DA:31,3
DA:36,3
DA:43,1
DA:46,1
DA:47,0
DA:48,0
DA:49,0
DA:51,0
DA:53,0
DA:57,1
DA:58,1
DA:62,1
LF:23
LH:18
BRDA:17,0,0,1
BRDA:17,0,1,3
BRDA:48,1,0,0
BRDA:48,1,1,0
BRF:4
BRH:2
end_of_record
TN:
SF:src/utils/logger.js
FN:6,(anonymous_0)
FN:17,(anonymous_1)
FN:21,(anonymous_2)
FN:27,(anonymous_3)
FN:33,(anonymous_4)
FN:39,(anonymous_5)
FNF:6
FNH:5
FNDA:23,(anonymous_0)
FNDA:1,(anonymous_1)
FNDA:2,(anonymous_2)
FNDA:1,(anonymous_3)
FNDA:21,(anonymous_4)
FNDA:0,(anonymous_5)
DA:7,23
DA:8,23
DA:14,23
DA:18,1
DA:22,2
DA:23,2
DA:28,1
DA:29,1
DA:34,21
DA:35,20
DA:40,0
DA:41,0
LF:12
LH:10
BRDA:6,0,0,0
BRDA:18,1,0,1
BRDA:18,1,1,0
BRDA:22,2,0,2
BRDA:22,2,1,0
BRDA:28,3,0,1
BRDA:28,3,1,0
BRDA:34,4,0,20
BRDA:34,4,1,1
BRDA:40,5,0,0
BRDA:40,5,1,0
BRF:11
BRH:5
end_of_record
